<?xml version="1.0" encoding="UTF-8"?>
<testng-results ignored="0" total="1" passed="1" failed="0" skipped="0">
  <reporter-output>
  </reporter-output>
  <suite started-at="2021-06-18T17:35:06 TRT" name="Default suite" finished-at="2021-06-18T17:35:06 TRT" duration-ms="32">
    <groups>
    </groups>
    <test started-at="2021-06-18T17:35:06 TRT" name="Default test" finished-at="2021-06-18T17:35:06 TRT" duration-ms="32">
      <class name="helloworld_can.TestHelloWorld">
        <test-method signature="testHelloWorld()[pri:0, instance:helloworld_can.TestHelloWorld@6b26e945]" started-at="2021-06-18T17:35:06 TRT" name="testHelloWorld" finished-at="2021-06-18T17:35:06 TRT" duration-ms="5" status="PASS">
          <reporter-output>
          </reporter-output>
        </test-method> <!-- testHelloWorld -->
      </class> <!-- helloworld_can.TestHelloWorld -->
    </test> <!-- Default test -->
  </suite> <!-- Default suite -->
</testng-results>
